<?xml version="1.0" encoding="UTF-8"?>
<!-- Generated by org.testng.reporters.JUnitReportReporter -->
<testsuite hostname="Mahmoud-Abdelre" failures="0" tests="1" name="testcases.TC08_AddToWishList" time="2.162" errors="0" timestamp="2024-06-11T11:29:56 EEST" skipped="0">
  <testcase classname="testcases.TC08_AddToWishList" name="checkAddWishList" time="2.162"/>
</testsuite> <!-- testcases.TC08_AddToWishList -->
