<?xml version="1.0" encoding="UTF-8"?>
<!-- Generated by org.testng.reporters.JUnitReportReporter -->
<testsuite hostname="Mahmoud-Abdelre" failures="0" tests="1" name="testcases.TC05_ChangeCurrency" time="3.315" errors="0" timestamp="2024-05-17T20:59:24 EEST" skipped="0">
  <testcase classname="testcases.TC05_ChangeCurrency" name="ChangeCurrency" time="3.315"/>
</testsuite> <!-- testcases.TC05_ChangeCurrency -->
