<?xml version="1.0" encoding="UTF-8"?>
<!-- Generated by org.testng.reporters.JUnitReportReporter -->
<testsuite hostname="Mahmoud-Abdelre" failures="0" tests="1" name="testcases.TC06_ChangeCurrency" time="10.318" errors="0" timestamp="2024-06-05T16:28:50 EEST" skipped="0">
  <testcase classname="testcases.TC06_ChangeCurrency" name="ChangeCurrency" time="10.318"/>
</testsuite> <!-- testcases.TC06_ChangeCurrency -->
