<?xml version="1.0" encoding="UTF-8"?>
<!-- Generated by org.testng.reporters.JUnitReportReporter -->
<testsuite hostname="Mahmoud-Abdelre" failures="0" tests="5" name="testcases.TC01_Login" time="17.852" errors="0" timestamp="2024-06-11T11:29:56 EEST" skipped="0">
  <testcase classname="testcases.TC01_Login" name="LoginPageWithValidData_P" time="3.592"/>
  <testcase classname="testcases.TC01_Login" name="LoginPageWithValidData_P" time="3.589"/>
  <testcase classname="testcases.TC01_Login" name="LoginPageWithValidData_P" time="3.573"/>
  <testcase classname="testcases.TC01_Login" name="LoginPageWithValidData_P" time="3.570"/>
  <testcase classname="testcases.TC01_Login" name="LoginPageWithValidData_P" time="3.528"/>
</testsuite> <!-- testcases.TC01_Login -->
