<?xml version="1.0" encoding="UTF-8"?>
<!-- Generated by org.testng.reporters.JUnitReportReporter -->
<testsuite hostname="Mahmoud-Abdelre" failures="0" tests="1" name="testcases.TC_Logout" time="11.214" errors="0" timestamp="2024-06-04T16:43:39 EEST" skipped="0">
  <testcase classname="testcases.TC_Logout" name="LogoutPage" time="11.214"/>
</testsuite> <!-- testcases.TC_Logout -->
