<?xml version="1.0" encoding="UTF-8"?>
<!-- Generated by org.testng.reporters.JUnitReportReporter -->
<testsuite hostname="Mahmoud-Abdelre" failures="0" tests="4" name="testcases.TC11_Checkout" time="29.966" errors="0" timestamp="2024-06-11T11:29:56 EEST" skipped="0">
  <testcase classname="testcases.TC11_Checkout" name="selectCheckbox" time="8.159"/>
  <testcase classname="testcases.TC11_Checkout" name="selectCheckbox" time="8.170"/>
  <testcase classname="testcases.TC11_Checkout" name="SelectCheckoutButton" time="6.814"/>
  <testcase classname="testcases.TC11_Checkout" name="SelectCheckoutButton" time="6.823"/>
</testsuite> <!-- testcases.TC11_Checkout -->
