<?xml version="1.0" encoding="UTF-8"?>
<!-- Generated by org.testng.reporters.JUnitReportReporter -->
<testsuite hostname="Mahmoud-Abdelre" failures="0" tests="1" name="testcases.TC06_SelectShoeswithRedColor" time="7.477" errors="0" timestamp="2024-05-17T20:59:25 EEST" skipped="0">
  <testcase classname="testcases.TC06_SelectShoeswithRedColor" name="SelectColors" time="7.477"/>
</testsuite> <!-- testcases.TC06_SelectShoeswithRedColor -->
