<?xml version="1.0" encoding="UTF-8"?>
<!-- Generated by org.testng.reporters.JUnitReportReporter -->
<testsuite hostname="Mahmoud-Abdelre" failures="0" tests="1" name="testcases.TC04_ForgetPassword" time="4.710" errors="0" timestamp="2024-06-04T16:43:39 EEST" skipped="0">
  <testcase classname="testcases.TC04_ForgetPassword" name="CheckForgetPasswordLink" time="4.710"/>
</testsuite> <!-- testcases.TC04_ForgetPassword -->
