<?xml version="1.0" encoding="UTF-8"?>
<!-- Generated by org.testng.reporters.JUnitReportReporter -->
<testsuite hostname="Mahmoud-Abdelre" failures="0" tests="3" name="testcases.TC05_Category" time="10.522" errors="0" timestamp="2024-06-11T11:29:56 EEST" skipped="0">
  <testcase classname="testcases.TC05_Category" name="ChooseCategory" time="3.637"/>
  <testcase classname="testcases.TC05_Category" name="ChooseCategory" time="3.354"/>
  <testcase classname="testcases.TC05_Category" name="ChooseCategory" time="3.531"/>
</testsuite> <!-- testcases.TC05_Category -->
