<?xml version="1.0" encoding="UTF-8"?>
<!-- Generated by org.testng.reporters.JUnitReportReporter -->
<testsuite hostname="Mahmoud-Abdelre" failures="0" tests="2" name="testcases.TC12_BillingAddress" time="25.523" errors="0" timestamp="2024-06-11T11:29:56 EEST" skipped="0">
  <testcase classname="testcases.TC12_BillingAddress" name="enterBillingData" time="18.891"/>
  <testcase classname="testcases.TC12_BillingAddress" name="successOrder" time="6.632"/>
</testsuite> <!-- testcases.TC12_BillingAddress -->
