<?xml version="1.0" encoding="UTF-8"?>
<!-- Generated by org.testng.reporters.JUnitReportReporter -->
<testsuite hostname="Mahmoud-Abdelre" failures="0" tests="3" name="testcases.TC07_SelectCertainBook" time="15.392" errors="0" timestamp="2024-06-11T11:29:56 EEST" skipped="0">
  <testcase classname="testcases.TC07_SelectCertainBook" name="selectBook" time="5.134"/>
  <testcase classname="testcases.TC07_SelectCertainBook" name="selectBook" time="5.107"/>
  <testcase classname="testcases.TC07_SelectCertainBook" name="selectBook" time="5.151"/>
</testsuite> <!-- testcases.TC07_SelectCertainBook -->
