<?xml version="1.0" encoding="UTF-8"?>
<!-- Generated by org.testng.reporters.JUnitReportReporter -->
<testsuite hostname="Mahmoud-Abdelre" failures="0" tests="6" name="testcases.TC0_HomePage" time="24.607" errors="0" timestamp="2024-06-11T11:29:56 EEST" skipped="0">
  <testcase classname="testcases.TC0_HomePage" name="CheckLoginLinks" time="3.979"/>
  <testcase classname="testcases.TC0_HomePage" name="CheckLoginLinks" time="4.016"/>
  <testcase classname="testcases.TC0_HomePage" name="CheckLoginLinks" time="3.964"/>
  <testcase classname="testcases.TC0_HomePage" name="CheckLoginLinks" time="3.975"/>
  <testcase classname="testcases.TC0_HomePage" name="CheckLoginLinks" time="4.369"/>
  <testcase classname="testcases.TC0_HomePage" name="CheckRegisterLinks" time="4.304"/>
</testsuite> <!-- testcases.TC0_HomePage -->
