<?xml version="1.0" encoding="UTF-8"?>
<!-- Generated by org.testng.reporters.JUnitReportReporter -->
<testsuite hostname="Mahmoud-Abdelre" failures="0" tests="1" name="testcases.TC03_SearchFunction" time="11.372" errors="0" timestamp="2024-06-04T16:43:39 EEST" skipped="0">
  <testcase classname="testcases.TC03_SearchFunction" name="SearchProducts" time="11.372"/>
</testsuite> <!-- testcases.TC03_SearchFunction -->
