<?xml version="1.0" encoding="UTF-8"?>
<!-- Generated by org.testng.reporters.JUnitReportReporter -->
<testsuite hostname="Mahmoud-Abdelre" failures="0" tests="3" name="testcases.TC10_ShoppingCartPage" time="31.003" errors="0" timestamp="2024-06-11T11:29:56 EEST" skipped="0">
  <testcase classname="testcases.TC10_ShoppingCartPage" name="ClickShoppingCart" time="10.188"/>
  <testcase classname="testcases.TC10_ShoppingCartPage" name="ClickShoppingCart" time="10.467"/>
  <testcase classname="testcases.TC10_ShoppingCartPage" name="ClickShoppingCart" time="10.348"/>
</testsuite> <!-- testcases.TC10_ShoppingCartPage -->
