<?xml version="1.0" encoding="UTF-8"?>
<!-- Generated by org.testng.reporters.JUnitReportReporter -->
<testsuite hostname="Mahmoud-Abdelre" failures="0" tests="3" name="testcases.TC12_SuccessShopping" time="21.218" errors="0" timestamp="2024-05-17T20:59:25 EEST" skipped="0">
  <testcase classname="testcases.TC12_SuccessShopping" name="loginWithValidData_P" time="7.561"/>
  <testcase classname="testcases.TC12_SuccessShopping" name="SelectItem" time="7.258"/>
  <testcase classname="testcases.TC12_SuccessShopping" name="CompleteChipping" time="6.399"/>
</testsuite> <!-- testcases.TC12_SuccessShopping -->
