<?xml version="1.0" encoding="UTF-8"?>
<!-- Generated by org.testng.reporters.JUnitReportReporter -->
<testsuite hostname="Mahmoud-Abdelre" failures="0" tests="1" name="testcases.TC02_Registration" time="4.104" errors="0" timestamp="2024-06-11T11:29:56 EEST" skipped="0">
  <testcase classname="testcases.TC02_Registration" name="registerNewUserWithValidData_P" time="4.104"/>
</testsuite> <!-- testcases.TC02_Registration -->
