<?xml version="1.0" encoding="UTF-8"?>
<!-- Generated by org.testng.reporters.JUnitReportReporter -->
<testsuite hostname="Mahmoud-Abdelre" failures="0" tests="1" name="testcases.TC07_Category" time="20.320" errors="0" timestamp="2024-06-05T00:15:34 EEST" skipped="0">
  <testcase classname="testcases.TC07_Category" name="ChooseRandomCategory" time="20.320"/>
</testsuite> <!-- testcases.TC07_Category -->
