<?xml version="1.0" encoding="UTF-8"?>
<!-- Generated by org.testng.reporters.JUnitReportReporter -->
<testsuite hostname="Mahmoud-Abdelre" failures="0" tests="2" name="testcases.TC01_LoginNew" time="1.748" errors="0" timestamp="2024-05-24T20:10:53 EEST" skipped="0">
  <testcase classname="testcases.TC01_LoginNew" name="LoginPageWithValidData_P" time="0.885"/>
  <testcase classname="testcases.TC01_LoginNew" name="LoginPageWithValidData_P" time="0.863"/>
</testsuite> <!-- testcases.TC01_LoginNew -->
