<?xml version="1.0" encoding="UTF-8"?>
<!-- Generated by org.testng.reporters.JUnitReportReporter -->
<testsuite hostname="Mahmoud-Abdelre" failures="0" tests="2" name="testcases.TC01_HomePage" time="8.168" errors="0" timestamp="2024-06-04T11:19:52 EEST" skipped="0">
  <testcase classname="testcases.TC01_HomePage" name="CheckLoginLinks" time="3.977"/>
  <testcase classname="testcases.TC01_HomePage" name="CheckRegisterLinks" time="4.191"/>
</testsuite> <!-- testcases.TC01_HomePage -->
